{"/home/adrian/nova/src/components/index.ts": {"path":"/home/adrian/nova/src/components/index.ts","statementMap":{},"fnMap":{},"branchMap":{},"s":{},"f":{},"b":{}}
,"/home/adrian/nova/src/components/browser/BrowserHeader.tsx": {"path":"/home/adrian/nova/src/components/browser/BrowserHeader.tsx","statementMap":{"0":{"start":{"line":16,"column":59},"end":{"line":50,"column":1}},"1":{"start":{"line":23,"column":17},"end":{"line":23,"column":36}},"2":{"start":{"line":24,"column":20},"end":{"line":24,"column":30}},"3":{"start":{"line":26,"column":2},"end":{"line":49,"column":4}}},"fnMap":{"0":{"name":"(anonymous_0)","decl":{"start":{"line":16,"column":59},"end":{"line":16,"column":60}},"loc":{"start":{"line":22,"column":6},"end":{"line":50,"column":1}},"line":22}},"branchMap":{"0":{"loc":{"start":{"line":32,"column":15},"end":{"line":32,"column":46}},"type":"binary-expr","locations":[{"start":{"line":32,"column":15},"end":{"line":32,"column":40}},{"start":{"line":32,"column":44},"end":{"line":32,"column":46}}],"line":32},"1":{"loc":{"start":{"line":36,"column":65},"end":{"line":36,"column":94}},"type":"cond-expr","locations":[{"start":{"line":36,"column":77},"end":{"line":36,"column":83}},{"start":{"line":36,"column":86},"end":{"line":36,"column":94}}],"line":36},"2":{"loc":{"start":{"line":38,"column":20},"end":{"line":38,"column":65}},"type":"cond-expr","locations":[{"start":{"line":38,"column":32},"end":{"line":38,"column":54}},{"start":{"line":38,"column":57},"end":{"line":38,"column":65}}],"line":38}},"s":{"0":0,"1":0,"2":0,"3":0},"f":{"0":0},"b":{"0":[0,0],"1":[0,0],"2":[0,0]}}
,"/home/adrian/nova/src/components/browser/BrowserLoadingBar.tsx": {"path":"/home/adrian/nova/src/components/browser/BrowserLoadingBar.tsx","statementMap":{"0":{"start":{"line":10,"column":67},"end":{"line":44,"column":1}},"1":{"start":{"line":14,"column":27},"end":{"line":14,"column":64}},"2":{"start":{"line":16,"column":2},"end":{"line":27,"column":35}},"3":{"start":{"line":18,"column":4},"end":{"line":26,"column":5}},"4":{"start":{"line":19,"column":6},"end":{"line":19,"column":35}},"5":{"start":{"line":21,"column":6},"end":{"line":25,"column":17}},"6":{"start":{"line":29,"column":2},"end":{"line":29,"column":28}},"7":{"start":{"line":29,"column":16},"end":{"line":29,"column":28}},"8":{"start":{"line":31,"column":28},"end":{"line":34,"column":4}},"9":{"start":{"line":36,"column":2},"end":{"line":43,"column":4}},"10":{"start":{"line":46,"column":15},"end":{"line":51,"column":2}}},"fnMap":{"0":{"name":"(anonymous_0)","decl":{"start":{"line":10,"column":67},"end":{"line":10,"column":68}},"loc":{"start":{"line":13,"column":6},"end":{"line":44,"column":1}},"line":13},"1":{"name":"(anonymous_1)","decl":{"start":{"line":16,"column":12},"end":{"line":16,"column":13}},"loc":{"start":{"line":16,"column":18},"end":{"line":27,"column":3}},"line":16}},"branchMap":{"0":{"loc":{"start":{"line":18,"column":4},"end":{"line":26,"column":5}},"type":"if","locations":[{"start":{"line":18,"column":4},"end":{"line":26,"column":5}},{"start":{"line":20,"column":11},"end":{"line":26,"column":5}}],"line":18},"1":{"loc":{"start":{"line":29,"column":2},"end":{"line":29,"column":28}},"type":"if","locations":[{"start":{"line":29,"column":2},"end":{"line":29,"column":28}},{"start":{},"end":{}}],"line":29}},"s":{"0":0,"1":0,"2":0,"3":0,"4":0,"5":0,"6":0,"7":0,"8":0,"9":0,"10":0},"f":{"0":0,"1":0},"b":{"0":[0,0],"1":[0,0]}}
,"/home/adrian/nova/src/components/browser/BrowserModal.tsx": {"path":"/home/adrian/nova/src/components/browser/BrowserModal.tsx","statementMap":{"0":{"start":{"line":20,"column":57},"end":{"line":205,"column":1}},"1":{"start":{"line":25,"column":20},"end":{"line":25,"column":30}},"2":{"start":{"line":26,"column":21},"end":{"line":26,"column":45}},"3":{"start":{"line":27,"column":36},"end":{"line":27,"column":51}},"4":{"start":{"line":28,"column":42},"end":{"line":28,"column":57}},"5":{"start":{"line":29,"column":36},"end":{"line":29,"column":56}},"6":{"start":{"line":32,"column":23},"end":{"line":32,"column":36}},"7":{"start":{"line":33,"column":26},"end":{"line":33,"column":39}},"8":{"start":{"line":34,"column":27},"end":{"line":34,"column":40}},"9":{"start":{"line":35,"column":24},"end":{"line":35,"column":42}},"10":{"start":{"line":37,"column":69},"end":{"line":37,"column":88}},"11":{"start":{"line":38,"column":39},"end":{"line":38,"column":79}},"12":{"start":{"line":41,"column":22},"end":{"line":49,"column":27}},"13":{"start":{"line":42,"column":4},"end":{"line":48,"column":7}},"14":{"start":{"line":47,"column":6},"end":{"line":47,"column":16}},"15":{"start":{"line":52,"column":2},"end":{"line":70,"column":40}},"16":{"start":{"line":53,"column":4},"end":{"line":69,"column":5}},"17":{"start":{"line":54,"column":6},"end":{"line":54,"column":41}},"18":{"start":{"line":55,"column":6},"end":{"line":55,"column":31}},"19":{"start":{"line":56,"column":6},"end":{"line":56,"column":26}},"20":{"start":{"line":57,"column":6},"end":{"line":57,"column":29}},"21":{"start":{"line":58,"column":6},"end":{"line":58,"column":35}},"22":{"start":{"line":59,"column":6},"end":{"line":59,"column":38}},"23":{"start":{"line":60,"column":6},"end":{"line":60,"column":39}},"24":{"start":{"line":63,"column":6},"end":{"line":63,"column":32}},"25":{"start":{"line":64,"column":6},"end":{"line":68,"column":17}},"26":{"start":{"line":72,"column":23},"end":{"line":74,"column":8}},"27":{"start":{"line":73,"column":4},"end":{"line":73,"column":33}},"28":{"start":{"line":76,"column":21},"end":{"line":79,"column":3}},"29":{"start":{"line":77,"column":4},"end":{"line":77,"column":38}},"30":{"start":{"line":78,"column":4},"end":{"line":78,"column":26}},"31":{"start":{"line":81,"column":23},"end":{"line":86,"column":8}},"32":{"start":{"line":82,"column":4},"end":{"line":85,"column":5}},"33":{"start":{"line":83,"column":6},"end":{"line":83,"column":62}},"34":{"start":{"line":84,"column":6},"end":{"line":84,"column":34}},"35":{"start":{"line":88,"column":26},"end":{"line":93,"column":8}},"36":{"start":{"line":89,"column":4},"end":{"line":92,"column":5}},"37":{"start":{"line":90,"column":6},"end":{"line":90,"column":62}},"38":{"start":{"line":91,"column":6},"end":{"line":91,"column":37}},"39":{"start":{"line":95,"column":22},"end":{"line":101,"column":17}},"40":{"start":{"line":96,"column":4},"end":{"line":100,"column":5}},"41":{"start":{"line":97,"column":6},"end":{"line":97,"column":44}},"42":{"start":{"line":99,"column":6},"end":{"line":99,"column":44}},"43":{"start":{"line":103,"column":25},"end":{"line":105,"column":26}},"44":{"start":{"line":104,"column":4},"end":{"line":104,"column":51}},"45":{"start":{"line":107,"column":22},"end":{"line":123,"column":21}},"46":{"start":{"line":108,"column":4},"end":{"line":108,"column":20}},"47":{"start":{"line":110,"column":26},"end":{"line":110,"column":73}},"48":{"start":{"line":111,"column":29},"end":{"line":112,"column":79}},"49":{"start":{"line":116,"column":4},"end":{"line":122,"column":5}},"50":{"start":{"line":117,"column":6},"end":{"line":117,"column":25}},"51":{"start":{"line":118,"column":6},"end":{"line":118,"column":34}},"52":{"start":{"line":119,"column":6},"end":{"line":119,"column":29}},"53":{"start":{"line":120,"column":6},"end":{"line":120,"column":38}},"54":{"start":{"line":121,"column":6},"end":{"line":121,"column":38}},"55":{"start":{"line":125,"column":20},"end":{"line":127,"column":26}},"56":{"start":{"line":126,"column":4},"end":{"line":126,"column":26}},"57":{"start":{"line":129,"column":34},"end":{"line":147,"column":8}},"58":{"start":{"line":132,"column":4},"end":{"line":135,"column":5}},"59":{"start":{"line":133,"column":6},"end":{"line":133,"column":39}},"60":{"start":{"line":134,"column":6},"end":{"line":134,"column":13}},"61":{"start":{"line":138,"column":4},"end":{"line":138,"column":37}},"62":{"start":{"line":139,"column":4},"end":{"line":139,"column":43}},"63":{"start":{"line":140,"column":4},"end":{"line":140,"column":46}},"64":{"start":{"line":141,"column":4},"end":{"line":141,"column":52}},"65":{"start":{"line":144,"column":4},"end":{"line":146,"column":5}},"66":{"start":{"line":145,"column":6},"end":{"line":145,"column":33}},"67":{"start":{"line":149,"column":2},"end":{"line":204,"column":4}},"68":{"start":{"line":207,"column":15},"end":{"line":214,"column":2}}},"fnMap":{"0":{"name":"(anonymous_0)","decl":{"start":{"line":20,"column":57},"end":{"line":20,"column":58}},"loc":{"start":{"line":24,"column":6},"end":{"line":205,"column":1}},"line":24},"1":{"name":"(anonymous_1)","decl":{"start":{"line":41,"column":34},"end":{"line":41,"column":35}},"loc":{"start":{"line":41,"column":40},"end":{"line":49,"column":3}},"line":41},"2":{"name":"(anonymous_2)","decl":{"start":{"line":46,"column":13},"end":{"line":46,"column":14}},"loc":{"start":{"line":46,"column":19},"end":{"line":48,"column":5}},"line":46},"3":{"name":"(anonymous_3)","decl":{"start":{"line":52,"column":12},"end":{"line":52,"column":13}},"loc":{"start":{"line":52,"column":18},"end":{"line":70,"column":3}},"line":52},"4":{"name":"(anonymous_4)","decl":{"start":{"line":72,"column":35},"end":{"line":72,"column":36}},"loc":{"start":{"line":72,"column":41},"end":{"line":74,"column":3}},"line":72},"5":{"name":"(anonymous_5)","decl":{"start":{"line":76,"column":21},"end":{"line":76,"column":22}},"loc":{"start":{"line":76,"column":27},"end":{"line":79,"column":3}},"line":76},"6":{"name":"(anonymous_6)","decl":{"start":{"line":81,"column":35},"end":{"line":81,"column":36}},"loc":{"start":{"line":81,"column":41},"end":{"line":86,"column":3}},"line":81},"7":{"name":"(anonymous_7)","decl":{"start":{"line":88,"column":38},"end":{"line":88,"column":39}},"loc":{"start":{"line":88,"column":44},"end":{"line":93,"column":3}},"line":88},"8":{"name":"(anonymous_8)","decl":{"start":{"line":95,"column":34},"end":{"line":95,"column":35}},"loc":{"start":{"line":95,"column":46},"end":{"line":101,"column":3}},"line":95},"9":{"name":"(anonymous_9)","decl":{"start":{"line":103,"column":37},"end":{"line":103,"column":38}},"loc":{"start":{"line":103,"column":87},"end":{"line":105,"column":3}},"line":103},"10":{"name":"(anonymous_10)","decl":{"start":{"line":107,"column":34},"end":{"line":107,"column":35}},"loc":{"start":{"line":107,"column":75},"end":{"line":123,"column":3}},"line":107},"11":{"name":"(anonymous_11)","decl":{"start":{"line":125,"column":32},"end":{"line":125,"column":33}},"loc":{"start":{"line":125,"column":38},"end":{"line":127,"column":3}},"line":125},"12":{"name":"(anonymous_12)","decl":{"start":{"line":129,"column":46},"end":{"line":129,"column":47}},"loc":{"start":{"line":129,"column":77},"end":{"line":147,"column":3}},"line":129}},"branchMap":{"0":{"loc":{"start":{"line":53,"column":4},"end":{"line":69,"column":5}},"type":"if","locations":[{"start":{"line":53,"column":4},"end":{"line":69,"column":5}},{"start":{},"end":{}}],"line":53},"1":{"loc":{"start":{"line":82,"column":4},"end":{"line":85,"column":5}},"type":"if","locations":[{"start":{"line":82,"column":4},"end":{"line":85,"column":5}},{"start":{},"end":{}}],"line":82},"2":{"loc":{"start":{"line":82,"column":8},"end":{"line":82,"column":50}},"type":"binary-expr","locations":[{"start":{"line":82,"column":8},"end":{"line":82,"column":26}},{"start":{"line":82,"column":30},"end":{"line":82,"column":50}}],"line":82},"3":{"loc":{"start":{"line":89,"column":4},"end":{"line":92,"column":5}},"type":"if","locations":[{"start":{"line":89,"column":4},"end":{"line":92,"column":5}},{"start":{},"end":{}}],"line":89},"4":{"loc":{"start":{"line":89,"column":8},"end":{"line":89,"column":53}},"type":"binary-expr","locations":[{"start":{"line":89,"column":8},"end":{"line":89,"column":26}},{"start":{"line":89,"column":30},"end":{"line":89,"column":53}}],"line":89},"5":{"loc":{"start":{"line":111,"column":29},"end":{"line":112,"column":79}},"type":"binary-expr","locations":[{"start":{"line":111,"column":29},"end":{"line":111,"column":74}},{"start":{"line":112,"column":29},"end":{"line":112,"column":79}}],"line":111},"6":{"loc":{"start":{"line":116,"column":4},"end":{"line":122,"column":5}},"type":"if","locations":[{"start":{"line":116,"column":4},"end":{"line":122,"column":5}},{"start":{},"end":{}}],"line":116},"7":{"loc":{"start":{"line":116,"column":8},"end":{"line":116,"column":42}},"type":"binary-expr","locations":[{"start":{"line":116,"column":8},"end":{"line":116,"column":24}},{"start":{"line":116,"column":28},"end":{"line":116,"column":42}}],"line":116},"8":{"loc":{"start":{"line":132,"column":4},"end":{"line":135,"column":5}},"type":"if","locations":[{"start":{"line":132,"column":4},"end":{"line":135,"column":5}},{"start":{},"end":{}}],"line":132},"9":{"loc":{"start":{"line":132,"column":8},"end":{"line":132,"column":55}},"type":"binary-expr","locations":[{"start":{"line":132,"column":8},"end":{"line":132,"column":32}},{"start":{"line":132,"column":36},"end":{"line":132,"column":55}}],"line":132},"10":{"loc":{"start":{"line":144,"column":4},"end":{"line":146,"column":5}},"type":"if","locations":[{"start":{"line":144,"column":4},"end":{"line":146,"column":5}},{"start":{},"end":{}}],"line":144},"11":{"loc":{"start":{"line":158,"column":27},"end":{"line":158,"column":72}},"type":"cond-expr","locations":[{"start":{"line":158,"column":40},"end":{"line":158,"column":55}},{"start":{"line":158,"column":58},"end":{"line":158,"column":72}}],"line":158}},"s":{"0":0,"1":0,"2":0,"3":0,"4":0,"5":0,"6":0,"7":0,"8":0,"9":0,"10":0,"11":0,"12":0,"13":0,"14":0,"15":0,"16":0,"17":0,"18":0,"19":0,"20":0,"21":0,"22":0,"23":0,"24":0,"25":0,"26":0,"27":0,"28":0,"29":0,"30":0,"31":0,"32":0,"33":0,"34":0,"35":0,"36":0,"37":0,"38":0,"39":0,"40":0,"41":0,"42":0,"43":0,"44":0,"45":0,"46":0,"47":0,"48":0,"49":0,"50":0,"51":0,"52":0,"53":0,"54":0,"55":0,"56":0,"57":0,"58":0,"59":0,"60":0,"61":0,"62":0,"63":0,"64":0,"65":0,"66":0,"67":0,"68":0},"f":{"0":0,"1":0,"2":0,"3":0,"4":0,"5":0,"6":0,"7":0,"8":0,"9":0,"10":0,"11":0,"12":0},"b":{"0":[0,0],"1":[0,0],"2":[0,0],"3":[0,0],"4":[0,0],"5":[0,0],"6":[0,0],"7":[0,0],"8":[0,0],"9":[0,0],"10":[0,0],"11":[0,0]}}
,"/home/adrian/nova/src/components/browser/BrowserToolbar.tsx": {"path":"/home/adrian/nova/src/components/browser/BrowserToolbar.tsx","statementMap":{"0":{"start":{"line":18,"column":61},"end":{"line":68,"column":1}},"1":{"start":{"line":27,"column":17},"end":{"line":27,"column":36}},"2":{"start":{"line":28,"column":20},"end":{"line":28,"column":30}},"3":{"start":{"line":30,"column":2},"end":{"line":67,"column":4}},"4":{"start":{"line":70,"column":15},"end":{"line":89,"column":2}}},"fnMap":{"0":{"name":"(anonymous_0)","decl":{"start":{"line":18,"column":61},"end":{"line":18,"column":62}},"loc":{"start":{"line":26,"column":6},"end":{"line":68,"column":1}},"line":26}},"branchMap":{},"s":{"0":0,"1":0,"2":0,"3":0,"4":0},"f":{"0":0},"b":{}}
,"/home/adrian/nova/src/components/browser/SwipeableWebView.tsx": {"path":"/home/adrian/nova/src/components/browser/SwipeableWebView.tsx","statementMap":{"0":{"start":{"line":22,"column":65},"end":{"line":90,"column":1}},"1":{"start":{"line":34,"column":20},"end":{"line":34,"column":30}},"2":{"start":{"line":35,"column":71},"end":{"line":40,"column":4}},"3":{"start":{"line":43,"column":25},"end":{"line":47,"column":4}},"4":{"start":{"line":49,"column":2},"end":{"line":89,"column":4}},"5":{"start":{"line":92,"column":15},"end":{"line":119,"column":2}}},"fnMap":{"0":{"name":"(anonymous_0)","decl":{"start":{"line":22,"column":65},"end":{"line":22,"column":66}},"loc":{"start":{"line":33,"column":6},"end":{"line":90,"column":1}},"line":33}},"branchMap":{"0":{"loc":{"start":{"line":45,"column":21},"end":{"line":45,"column":60}},"type":"cond-expr","locations":[{"start":{"line":45,"column":50},"end":{"line":45,"column":53}},{"start":{"line":45,"column":56},"end":{"line":45,"column":60}}],"line":45},"1":{"loc":{"start":{"line":56,"column":10},"end":{"line":56,"column":72}},"type":"binary-expr","locations":[{"start":{"line":56,"column":10},"end":{"line":56,"column":21}},{"start":{"line":56,"column":25},"end":{"line":56,"column":72}}],"line":56},"2":{"loc":{"start":{"line":76,"column":7},"end":{"line":81,"column":7}},"type":"binary-expr","locations":[{"start":{"line":76,"column":7},"end":{"line":76,"column":16}},{"start":{"line":77,"column":8},"end":{"line":80,"column":10}}],"line":76},"3":{"loc":{"start":{"line":82,"column":7},"end":{"line":87,"column":7}},"type":"binary-expr","locations":[{"start":{"line":82,"column":7},"end":{"line":82,"column":19}},{"start":{"line":83,"column":8},"end":{"line":86,"column":10}}],"line":82}},"s":{"0":0,"1":0,"2":0,"3":0,"4":0,"5":0},"f":{"0":0},"b":{"0":[0,0],"1":[0,0],"2":[0,0],"3":[0,0]}}
,"/home/adrian/nova/src/components/home/GoButton.tsx": {"path":"/home/adrian/nova/src/components/home/GoButton.tsx","statementMap":{"0":{"start":{"line":9,"column":49},"end":{"line":27,"column":1}},"1":{"start":{"line":10,"column":20},"end":{"line":10,"column":30}},"2":{"start":{"line":12,"column":2},"end":{"line":26,"column":4}},"3":{"start":{"line":29,"column":15},"end":{"line":41,"column":2}}},"fnMap":{"0":{"name":"(anonymous_0)","decl":{"start":{"line":9,"column":49},"end":{"line":9,"column":50}},"loc":{"start":{"line":9,"column":66},"end":{"line":27,"column":1}},"line":9}},"branchMap":{},"s":{"0":0,"1":0,"2":0,"3":0},"f":{"0":0},"b":{}}
,"/home/adrian/nova/src/components/home/HomeHeader.tsx": {"path":"/home/adrian/nova/src/components/home/HomeHeader.tsx","statementMap":{"0":{"start":{"line":13,"column":53},"end":{"line":32,"column":1}},"1":{"start":{"line":14,"column":17},"end":{"line":14,"column":36}},"2":{"start":{"line":15,"column":20},"end":{"line":15,"column":30}},"3":{"start":{"line":17,"column":22},"end":{"line":20,"column":3}},"4":{"start":{"line":18,"column":4},"end":{"line":18,"column":59}},"5":{"start":{"line":19,"column":4},"end":{"line":19,"column":21}},"6":{"start":{"line":22,"column":2},"end":{"line":31,"column":4}},"7":{"start":{"line":34,"column":15},"end":{"line":46,"column":2}}},"fnMap":{"0":{"name":"(anonymous_0)","decl":{"start":{"line":13,"column":53},"end":{"line":13,"column":54}},"loc":{"start":{"line":13,"column":77},"end":{"line":32,"column":1}},"line":13},"1":{"name":"(anonymous_1)","decl":{"start":{"line":17,"column":22},"end":{"line":17,"column":23}},"loc":{"start":{"line":17,"column":28},"end":{"line":20,"column":3}},"line":17}},"branchMap":{},"s":{"0":0,"1":0,"2":0,"3":0,"4":0,"5":0,"6":0,"7":0},"f":{"0":0,"1":0},"b":{}}
,"/home/adrian/nova/src/components/home/HomeScreen.tsx": {"path":"/home/adrian/nova/src/components/home/HomeScreen.tsx","statementMap":{"0":{"start":{"line":17,"column":53},"end":{"line":56,"column":1}},"1":{"start":{"line":22,"column":24},"end":{"line":22,"column":36}},"2":{"start":{"line":23,"column":20},"end":{"line":23,"column":30}},"3":{"start":{"line":24,"column":28},"end":{"line":24,"column":49}},"4":{"start":{"line":25,"column":22},"end":{"line":25,"column":36}},"5":{"start":{"line":26,"column":25},"end":{"line":26,"column":91}},"6":{"start":{"line":28,"column":19},"end":{"line":35,"column":3}},"7":{"start":{"line":29,"column":4},"end":{"line":34,"column":5}},"8":{"start":{"line":30,"column":6},"end":{"line":30,"column":25}},"9":{"start":{"line":31,"column":27},"end":{"line":31,"column":55}},"10":{"start":{"line":32,"column":6},"end":{"line":32,"column":31}},"11":{"start":{"line":33,"column":6},"end":{"line":33,"column":17}},"12":{"start":{"line":37,"column":2},"end":{"line":55,"column":4}},"13":{"start":{"line":58,"column":15},"end":{"line":69,"column":2}}},"fnMap":{"0":{"name":"(anonymous_0)","decl":{"start":{"line":17,"column":53},"end":{"line":17,"column":54}},"loc":{"start":{"line":21,"column":6},"end":{"line":56,"column":1}},"line":21},"1":{"name":"(anonymous_1)","decl":{"start":{"line":28,"column":19},"end":{"line":28,"column":20}},"loc":{"start":{"line":28,"column":25},"end":{"line":35,"column":3}},"line":28}},"branchMap":{"0":{"loc":{"start":{"line":26,"column":25},"end":{"line":26,"column":91}},"type":"cond-expr","locations":[{"start":{"line":26,"column":39},"end":{"line":26,"column":64}},{"start":{"line":26,"column":67},"end":{"line":26,"column":91}}],"line":26},"1":{"loc":{"start":{"line":29,"column":4},"end":{"line":34,"column":5}},"type":"if","locations":[{"start":{"line":29,"column":4},"end":{"line":34,"column":5}},{"start":{},"end":{}}],"line":29},"2":{"loc":{"start":{"line":41,"column":18},"end":{"line":41,"column":62}},"type":"cond-expr","locations":[{"start":{"line":41,"column":42},"end":{"line":41,"column":51}},{"start":{"line":41,"column":54},"end":{"line":41,"column":62}}],"line":41}},"s":{"0":0,"1":0,"2":0,"3":0,"4":0,"5":0,"6":0,"7":0,"8":0,"9":0,"10":0,"11":0,"12":0,"13":0},"f":{"0":0,"1":0},"b":{"0":[0,0],"1":[0,0],"2":[0,0]}}
,"/home/adrian/nova/src/components/home/UrlInput.tsx": {"path":"/home/adrian/nova/src/components/home/UrlInput.tsx","statementMap":{"0":{"start":{"line":11,"column":49},"end":{"line":39,"column":1}},"1":{"start":{"line":16,"column":20},"end":{"line":16,"column":30}},"2":{"start":{"line":18,"column":2},"end":{"line":38,"column":4}},"3":{"start":{"line":41,"column":15},"end":{"line":51,"column":2}}},"fnMap":{"0":{"name":"(anonymous_0)","decl":{"start":{"line":11,"column":49},"end":{"line":11,"column":50}},"loc":{"start":{"line":15,"column":6},"end":{"line":39,"column":1}},"line":15}},"branchMap":{},"s":{"0":0,"1":0,"2":0,"3":0},"f":{"0":0},"b":{}}
,"/home/adrian/nova/src/components/settings/SearchEngineOption.tsx": {"path":"/home/adrian/nova/src/components/settings/SearchEngineOption.tsx","statementMap":{"0":{"start":{"line":14,"column":69},"end":{"line":53,"column":2}},"1":{"start":{"line":19,"column":20},"end":{"line":19,"column":30}},"2":{"start":{"line":21,"column":22},"end":{"line":24,"column":3}},"3":{"start":{"line":22,"column":4},"end":{"line":22,"column":60}},"4":{"start":{"line":23,"column":4},"end":{"line":23,"column":15}},"5":{"start":{"line":26,"column":2},"end":{"line":52,"column":4}},"6":{"start":{"line":55,"column":0},"end":{"line":55,"column":54}},"7":{"start":{"line":57,"column":15},"end":{"line":78,"column":2}}},"fnMap":{"0":{"name":"(anonymous_0)","decl":{"start":{"line":14,"column":80},"end":{"line":14,"column":81}},"loc":{"start":{"line":18,"column":6},"end":{"line":53,"column":1}},"line":18},"1":{"name":"(anonymous_1)","decl":{"start":{"line":21,"column":22},"end":{"line":21,"column":23}},"loc":{"start":{"line":21,"column":28},"end":{"line":24,"column":3}},"line":21}},"branchMap":{"0":{"loc":{"start":{"line":42,"column":9},"end":{"line":49,"column":9}},"type":"binary-expr","locations":[{"start":{"line":42,"column":9},"end":{"line":42,"column":19}},{"start":{"line":43,"column":10},"end":{"line":48,"column":12}}],"line":42}},"s":{"0":0,"1":0,"2":0,"3":0,"4":0,"5":0,"6":0,"7":0},"f":{"0":0,"1":0},"b":{"0":[0,0]}}
,"/home/adrian/nova/src/components/settings/SettingsHeader.tsx": {"path":"/home/adrian/nova/src/components/settings/SettingsHeader.tsx","statementMap":{"0":{"start":{"line":12,"column":61},"end":{"line":32,"column":1}},"1":{"start":{"line":13,"column":17},"end":{"line":13,"column":36}},"2":{"start":{"line":14,"column":20},"end":{"line":14,"column":30}},"3":{"start":{"line":16,"column":2},"end":{"line":31,"column":4}},"4":{"start":{"line":34,"column":15},"end":{"line":44,"column":2}}},"fnMap":{"0":{"name":"(anonymous_0)","decl":{"start":{"line":12,"column":61},"end":{"line":12,"column":62}},"loc":{"start":{"line":12,"column":92},"end":{"line":32,"column":1}},"line":12}},"branchMap":{"0":{"loc":{"start":{"line":20,"column":13},"end":{"line":20,"column":44}},"type":"binary-expr","locations":[{"start":{"line":20,"column":13},"end":{"line":20,"column":38}},{"start":{"line":20,"column":42},"end":{"line":20,"column":44}}],"line":20}},"s":{"0":0,"1":0,"2":0,"3":0,"4":0},"f":{"0":0},"b":{"0":[0,0]}}
,"/home/adrian/nova/src/components/settings/SettingsModal.tsx": {"path":"/home/adrian/nova/src/components/settings/SettingsModal.tsx","statementMap":{"0":{"start":{"line":18,"column":59},"end":{"line":99,"column":1}},"1":{"start":{"line":24,"column":20},"end":{"line":24,"column":30}},"2":{"start":{"line":25,"column":39},"end":{"line":25,"column":79}},"3":{"start":{"line":27,"column":18},"end":{"line":27,"column":47}},"4":{"start":{"line":30,"column":22},"end":{"line":38,"column":27}},"5":{"start":{"line":31,"column":4},"end":{"line":37,"column":7}},"6":{"start":{"line":36,"column":6},"end":{"line":36,"column":16}},"7":{"start":{"line":41,"column":2},"end":{"line":50,"column":28}},"8":{"start":{"line":42,"column":4},"end":{"line":49,"column":5}},"9":{"start":{"line":43,"column":6},"end":{"line":43,"column":32}},"10":{"start":{"line":44,"column":6},"end":{"line":48,"column":17}},"11":{"start":{"line":52,"column":2},"end":{"line":98,"column":4}},"12":{"start":{"line":84,"column":18},"end":{"line":89,"column":20}},"13":{"start":{"line":88,"column":36},"end":{"line":88,"column":61}},"14":{"start":{"line":101,"column":15},"end":{"line":125,"column":2}}},"fnMap":{"0":{"name":"(anonymous_0)","decl":{"start":{"line":18,"column":59},"end":{"line":18,"column":60}},"loc":{"start":{"line":23,"column":6},"end":{"line":99,"column":1}},"line":23},"1":{"name":"(anonymous_1)","decl":{"start":{"line":30,"column":40},"end":{"line":30,"column":41}},"loc":{"start":{"line":30,"column":46},"end":{"line":38,"column":3}},"line":30},"2":{"name":"(anonymous_2)","decl":{"start":{"line":35,"column":13},"end":{"line":35,"column":14}},"loc":{"start":{"line":35,"column":19},"end":{"line":37,"column":5}},"line":35},"3":{"name":"(anonymous_3)","decl":{"start":{"line":41,"column":12},"end":{"line":41,"column":13}},"loc":{"start":{"line":41,"column":18},"end":{"line":50,"column":3}},"line":41},"4":{"name":"(anonymous_4)","decl":{"start":{"line":83,"column":29},"end":{"line":83,"column":30}},"loc":{"start":{"line":84,"column":18},"end":{"line":89,"column":20}},"line":84},"5":{"name":"(anonymous_5)","decl":{"start":{"line":88,"column":30},"end":{"line":88,"column":31}},"loc":{"start":{"line":88,"column":36},"end":{"line":88,"column":61}},"line":88}},"branchMap":{"0":{"loc":{"start":{"line":42,"column":4},"end":{"line":49,"column":5}},"type":"if","locations":[{"start":{"line":42,"column":4},"end":{"line":49,"column":5}},{"start":{},"end":{}}],"line":42},"1":{"loc":{"start":{"line":61,"column":27},"end":{"line":61,"column":72}},"type":"cond-expr","locations":[{"start":{"line":61,"column":40},"end":{"line":61,"column":55}},{"start":{"line":61,"column":58},"end":{"line":61,"column":72}}],"line":61}},"s":{"0":0,"1":0,"2":0,"3":0,"4":0,"5":0,"6":0,"7":0,"8":0,"9":0,"10":0,"11":0,"12":0,"13":0,"14":0},"f":{"0":0,"1":0,"2":0,"3":0,"4":0,"5":0},"b":{"0":[0,0],"1":[0,0]}}
,"/home/adrian/nova/src/components/shared/IconButton.tsx": {"path":"/home/adrian/nova/src/components/shared/IconButton.tsx","statementMap":{"0":{"start":{"line":14,"column":53},"end":{"line":31,"column":1}},"1":{"start":{"line":22,"column":2},"end":{"line":30,"column":4}},"2":{"start":{"line":33,"column":15},"end":{"line":40,"column":2}}},"fnMap":{"0":{"name":"(anonymous_0)","decl":{"start":{"line":14,"column":53},"end":{"line":14,"column":54}},"loc":{"start":{"line":21,"column":6},"end":{"line":31,"column":1}},"line":21}},"branchMap":{"0":{"loc":{"start":{"line":19,"column":2},"end":{"line":19,"column":18}},"type":"default-arg","locations":[{"start":{"line":19,"column":13},"end":{"line":19,"column":18}}],"line":19},"1":{"loc":{"start":{"line":24,"column":29},"end":{"line":24,"column":56}},"type":"binary-expr","locations":[{"start":{"line":24,"column":29},"end":{"line":24,"column":37}},{"start":{"line":24,"column":41},"end":{"line":24,"column":56}}],"line":24}},"s":{"0":0,"1":0,"2":0},"f":{"0":0},"b":{"0":[0],"1":[0,0]}}
,"/home/adrian/nova/src/hooks/index.ts": {"path":"/home/adrian/nova/src/hooks/index.ts","statementMap":{},"fnMap":{},"branchMap":{},"s":{},"f":{},"b":{}}
,"/home/adrian/nova/src/hooks/useBrowserLoading.ts": {"path":"/home/adrian/nova/src/hooks/useBrowserLoading.ts","statementMap":{"0":{"start":{"line":3,"column":33},"end":{"line":46,"column":1}},"1":{"start":{"line":4,"column":36},"end":{"line":4,"column":51}},"2":{"start":{"line":5,"column":34},"end":{"line":5,"column":45}},"3":{"start":{"line":6,"column":25},"end":{"line":6,"column":60}},"4":{"start":{"line":8,"column":29},"end":{"line":25,"column":3}},"5":{"start":{"line":9,"column":4},"end":{"line":9,"column":31}},"6":{"start":{"line":11,"column":4},"end":{"line":24,"column":5}},"7":{"start":{"line":12,"column":6},"end":{"line":12,"column":25}},"8":{"start":{"line":14,"column":6},"end":{"line":17,"column":7}},"9":{"start":{"line":15,"column":8},"end":{"line":15,"column":45}},"10":{"start":{"line":16,"column":8},"end":{"line":16,"column":38}},"11":{"start":{"line":20,"column":6},"end":{"line":23,"column":14}},"12":{"start":{"line":21,"column":8},"end":{"line":21,"column":28}},"13":{"start":{"line":22,"column":8},"end":{"line":22,"column":23}},"14":{"start":{"line":27,"column":24},"end":{"line":30,"column":3}},"15":{"start":{"line":28,"column":4},"end":{"line":28,"column":19}},"16":{"start":{"line":29,"column":4},"end":{"line":29,"column":23}},"17":{"start":{"line":32,"column":2},"end":{"line":38,"column":9}},"18":{"start":{"line":33,"column":4},"end":{"line":37,"column":6}},"19":{"start":{"line":34,"column":6},"end":{"line":36,"column":7}},"20":{"start":{"line":35,"column":8},"end":{"line":35,"column":45}},"21":{"start":{"line":40,"column":2},"end":{"line":45,"column":4}}},"fnMap":{"0":{"name":"(anonymous_0)","decl":{"start":{"line":3,"column":33},"end":{"line":3,"column":34}},"loc":{"start":{"line":3,"column":39},"end":{"line":46,"column":1}},"line":3},"1":{"name":"(anonymous_1)","decl":{"start":{"line":8,"column":29},"end":{"line":8,"column":30}},"loc":{"start":{"line":8,"column":56},"end":{"line":25,"column":3}},"line":8},"2":{"name":"(anonymous_2)","decl":{"start":{"line":20,"column":42},"end":{"line":20,"column":43}},"loc":{"start":{"line":20,"column":48},"end":{"line":23,"column":7}},"line":20},"3":{"name":"(anonymous_3)","decl":{"start":{"line":27,"column":24},"end":{"line":27,"column":25}},"loc":{"start":{"line":27,"column":30},"end":{"line":30,"column":3}},"line":27},"4":{"name":"(anonymous_4)","decl":{"start":{"line":32,"column":12},"end":{"line":32,"column":13}},"loc":{"start":{"line":32,"column":18},"end":{"line":38,"column":3}},"line":32},"5":{"name":"(anonymous_5)","decl":{"start":{"line":33,"column":11},"end":{"line":33,"column":12}},"loc":{"start":{"line":33,"column":17},"end":{"line":37,"column":5}},"line":33}},"branchMap":{"0":{"loc":{"start":{"line":11,"column":4},"end":{"line":24,"column":5}},"type":"if","locations":[{"start":{"line":11,"column":4},"end":{"line":24,"column":5}},{"start":{"line":18,"column":11},"end":{"line":24,"column":5}}],"line":11},"1":{"loc":{"start":{"line":14,"column":6},"end":{"line":17,"column":7}},"type":"if","locations":[{"start":{"line":14,"column":6},"end":{"line":17,"column":7}},{"start":{},"end":{}}],"line":14},"2":{"loc":{"start":{"line":34,"column":6},"end":{"line":36,"column":7}},"type":"if","locations":[{"start":{"line":34,"column":6},"end":{"line":36,"column":7}},{"start":{},"end":{}}],"line":34}},"s":{"0":1,"1":20,"2":20,"3":20,"4":20,"5":11,"6":11,"7":8,"8":8,"9":1,"10":1,"11":3,"12":1,"13":1,"14":20,"15":1,"16":1,"17":20,"18":7,"19":7,"20":2,"21":20},"f":{"0":20,"1":11,"2":1,"3":1,"4":7,"5":7},"b":{"0":[8,3],"1":[1,7],"2":[2,5]},"_coverageSchema":"1a1c01bbd47fc00a2c39e90264f33305004495a9","hash":"0a0f07659874756d4b592359c80e1651f9170970"}
,"/home/adrian/nova/src/hooks/useDeepLinking.ts": {"path":"/home/adrian/nova/src/hooks/useDeepLinking.ts","statementMap":{"0":{"start":{"line":12,"column":30},"end":{"line":51,"column":1}},"1":{"start":{"line":13,"column":23},"end":{"line":13,"column":35}},"2":{"start":{"line":15,"column":2},"end":{"line":50,"column":18}},"3":{"start":{"line":16,"column":4},"end":{"line":16,"column":32}},"4":{"start":{"line":19,"column":29},"end":{"line":32,"column":5}},"5":{"start":{"line":20,"column":6},"end":{"line":31,"column":7}},"6":{"start":{"line":21,"column":27},"end":{"line":21,"column":56}},"7":{"start":{"line":24,"column":8},"end":{"line":28,"column":9}},"8":{"start":{"line":27,"column":10},"end":{"line":27,"column":32}},"9":{"start":{"line":30,"column":8},"end":{"line":30,"column":59}},"10":{"start":{"line":35,"column":25},"end":{"line":42,"column":6}},"11":{"start":{"line":37,"column":6},"end":{"line":41,"column":7}},"12":{"start":{"line":40,"column":8},"end":{"line":40,"column":29}},"13":{"start":{"line":44,"column":4},"end":{"line":44,"column":23}},"14":{"start":{"line":46,"column":4},"end":{"line":49,"column":6}},"15":{"start":{"line":47,"column":6},"end":{"line":47,"column":35}},"16":{"start":{"line":48,"column":6},"end":{"line":48,"column":28}}},"fnMap":{"0":{"name":"(anonymous_0)","decl":{"start":{"line":12,"column":30},"end":{"line":12,"column":31}},"loc":{"start":{"line":12,"column":70},"end":{"line":51,"column":1}},"line":12},"1":{"name":"(anonymous_1)","decl":{"start":{"line":15,"column":12},"end":{"line":15,"column":13}},"loc":{"start":{"line":15,"column":18},"end":{"line":50,"column":3}},"line":15},"2":{"name":"(anonymous_2)","decl":{"start":{"line":19,"column":29},"end":{"line":19,"column":30}},"loc":{"start":{"line":19,"column":41},"end":{"line":32,"column":5}},"line":19},"3":{"name":"(anonymous_3)","decl":{"start":{"line":35,"column":57},"end":{"line":35,"column":58}},"loc":{"start":{"line":35,"column":68},"end":{"line":42,"column":5}},"line":35},"4":{"name":"(anonymous_4)","decl":{"start":{"line":46,"column":11},"end":{"line":46,"column":12}},"loc":{"start":{"line":46,"column":17},"end":{"line":49,"column":5}},"line":46}},"branchMap":{"0":{"loc":{"start":{"line":24,"column":8},"end":{"line":28,"column":9}},"type":"if","locations":[{"start":{"line":24,"column":8},"end":{"line":28,"column":9}},{"start":{},"end":{}}],"line":24},"1":{"loc":{"start":{"line":24,"column":12},"end":{"line":26,"column":32}},"type":"binary-expr","locations":[{"start":{"line":24,"column":12},"end":{"line":24,"column":22}},{"start":{"line":25,"column":13},"end":{"line":25,"column":45}},{"start":{"line":25,"column":49},"end":{"line":25,"column":82}},{"start":{"line":26,"column":12},"end":{"line":26,"column":32}}],"line":24},"2":{"loc":{"start":{"line":37,"column":6},"end":{"line":41,"column":7}},"type":"if","locations":[{"start":{"line":37,"column":6},"end":{"line":41,"column":7}},{"start":{},"end":{}}],"line":37},"3":{"loc":{"start":{"line":37,"column":10},"end":{"line":39,"column":30}},"type":"binary-expr","locations":[{"start":{"line":37,"column":10},"end":{"line":37,"column":19}},{"start":{"line":38,"column":11},"end":{"line":38,"column":42}},{"start":{"line":38,"column":46},"end":{"line":38,"column":78}},{"start":{"line":39,"column":10},"end":{"line":39,"column":30}}],"line":37}},"s":{"0":1,"1":6,"2":6,"3":6,"4":6,"5":6,"6":6,"7":5,"8":1,"9":1,"10":6,"11":1,"12":1,"13":6,"14":6,"15":6,"16":6},"f":{"0":6,"1":6,"2":6,"3":1,"4":6},"b":{"0":[1,4],"1":[5,1,1,1],"2":[1,0],"3":[1,1,1,1]},"_coverageSchema":"1a1c01bbd47fc00a2c39e90264f33305004495a9","hash":"5f434bb3f9d28de3c437021ae6e5aa082ec15e2b"}
,"/home/adrian/nova/src/hooks/usePullToDismiss.ts": {"path":"/home/adrian/nova/src/hooks/usePullToDismiss.ts","statementMap":{"0":{"start":{"line":9,"column":32},"end":{"line":72,"column":1}},"1":{"start":{"line":10,"column":21},"end":{"line":10,"column":58}},"2":{"start":{"line":11,"column":20},"end":{"line":11,"column":33}},"3":{"start":{"line":12,"column":23},"end":{"line":12,"column":54}},"4":{"start":{"line":14,"column":23},"end":{"line":66,"column":11}},"5":{"start":{"line":16,"column":42},"end":{"line":16,"column":46}},"6":{"start":{"line":17,"column":49},"end":{"line":17,"column":54}},"7":{"start":{"line":20,"column":8},"end":{"line":20,"column":92}},"8":{"start":{"line":24,"column":8},"end":{"line":24,"column":93}},"9":{"start":{"line":27,"column":8},"end":{"line":27,"column":33}},"10":{"start":{"line":30,"column":8},"end":{"line":33,"column":9}},"11":{"start":{"line":32,"column":10},"end":{"line":32,"column":47}},"12":{"start":{"line":36,"column":8},"end":{"line":36,"column":34}},"13":{"start":{"line":38,"column":8},"end":{"line":63,"column":9}},"14":{"start":{"line":41,"column":10},"end":{"line":54,"column":13}},"15":{"start":{"line":46,"column":12},"end":{"line":53,"column":13}},"16":{"start":{"line":48,"column":14},"end":{"line":52,"column":17}},"17":{"start":{"line":49,"column":16},"end":{"line":49,"column":28}},"18":{"start":{"line":51,"column":16},"end":{"line":51,"column":61}},"19":{"start":{"line":51,"column":33},"end":{"line":51,"column":55}},"20":{"start":{"line":57,"column":10},"end":{"line":62,"column":21}},"21":{"start":{"line":68,"column":2},"end":{"line":71,"column":4}}},"fnMap":{"0":{"name":"(anonymous_0)","decl":{"start":{"line":9,"column":32},"end":{"line":9,"column":33}},"loc":{"start":{"line":9,"column":91},"end":{"line":72,"column":1}},"line":9},"1":{"name":"(anonymous_1)","decl":{"start":{"line":16,"column":36},"end":{"line":16,"column":37}},"loc":{"start":{"line":16,"column":42},"end":{"line":16,"column":46}},"line":16},"2":{"name":"(anonymous_2)","decl":{"start":{"line":17,"column":43},"end":{"line":17,"column":44}},"loc":{"start":{"line":17,"column":49},"end":{"line":17,"column":54}},"line":17},"3":{"name":"(anonymous_3)","decl":{"start":{"line":18,"column":35},"end":{"line":18,"column":36}},"loc":{"start":{"line":18,"column":56},"end":{"line":21,"column":7}},"line":18},"4":{"name":"(anonymous_4)","decl":{"start":{"line":22,"column":42},"end":{"line":22,"column":43}},"loc":{"start":{"line":22,"column":63},"end":{"line":25,"column":7}},"line":22},"5":{"name":"(anonymous_5)","decl":{"start":{"line":26,"column":27},"end":{"line":26,"column":28}},"loc":{"start":{"line":26,"column":33},"end":{"line":28,"column":7}},"line":26},"6":{"name":"(anonymous_6)","decl":{"start":{"line":29,"column":26},"end":{"line":29,"column":27}},"loc":{"start":{"line":29,"column":47},"end":{"line":34,"column":7}},"line":29},"7":{"name":"(anonymous_7)","decl":{"start":{"line":35,"column":29},"end":{"line":35,"column":30}},"loc":{"start":{"line":35,"column":50},"end":{"line":64,"column":7}},"line":35},"8":{"name":"(anonymous_8)","decl":{"start":{"line":45,"column":19},"end":{"line":45,"column":20}},"loc":{"start":{"line":45,"column":37},"end":{"line":54,"column":11}},"line":45},"9":{"name":"(anonymous_9)","decl":{"start":{"line":48,"column":36},"end":{"line":48,"column":37}},"loc":{"start":{"line":48,"column":42},"end":{"line":52,"column":15}},"line":48},"10":{"name":"(anonymous_10)","decl":{"start":{"line":51,"column":27},"end":{"line":51,"column":28}},"loc":{"start":{"line":51,"column":33},"end":{"line":51,"column":55}},"line":51}},"branchMap":{"0":{"loc":{"start":{"line":9,"column":46},"end":{"line":9,"column":61}},"type":"default-arg","locations":[{"start":{"line":9,"column":58},"end":{"line":9,"column":61}}],"line":9},"1":{"loc":{"start":{"line":20,"column":15},"end":{"line":20,"column":91}},"type":"binary-expr","locations":[{"start":{"line":20,"column":15},"end":{"line":20,"column":34}},{"start":{"line":20,"column":38},"end":{"line":20,"column":91}}],"line":20},"2":{"loc":{"start":{"line":24,"column":15},"end":{"line":24,"column":92}},"type":"binary-expr","locations":[{"start":{"line":24,"column":15},"end":{"line":24,"column":35}},{"start":{"line":24,"column":39},"end":{"line":24,"column":92}}],"line":24},"3":{"loc":{"start":{"line":30,"column":8},"end":{"line":33,"column":9}},"type":"if","locations":[{"start":{"line":30,"column":8},"end":{"line":33,"column":9}},{"start":{},"end":{}}],"line":30},"4":{"loc":{"start":{"line":38,"column":8},"end":{"line":63,"column":9}},"type":"if","locations":[{"start":{"line":38,"column":8},"end":{"line":63,"column":9}},{"start":{"line":55,"column":15},"end":{"line":63,"column":9}}],"line":38},"5":{"loc":{"start":{"line":46,"column":12},"end":{"line":53,"column":13}},"type":"if","locations":[{"start":{"line":46,"column":12},"end":{"line":53,"column":13}},{"start":{},"end":{}}],"line":46}},"s":{"0":0,"1":0,"2":0,"3":0,"4":0,"5":0,"6":0,"7":0,"8":0,"9":0,"10":0,"11":0,"12":0,"13":0,"14":0,"15":0,"16":0,"17":0,"18":0,"19":0,"20":0,"21":0},"f":{"0":0,"1":0,"2":0,"3":0,"4":0,"5":0,"6":0,"7":0,"8":0,"9":0,"10":0},"b":{"0":[0],"1":[0,0],"2":[0,0],"3":[0,0],"4":[0,0],"5":[0,0]}}
,"/home/adrian/nova/src/hooks/usePullToRefresh.ts": {"path":"/home/adrian/nova/src/hooks/usePullToRefresh.ts","statementMap":{"0":{"start":{"line":10,"column":32},"end":{"line":112,"column":1}},"1":{"start":{"line":11,"column":42},"end":{"line":11,"column":57}},"2":{"start":{"line":12,"column":23},"end":{"line":12,"column":60}},"3":{"start":{"line":13,"column":20},"end":{"line":13,"column":33}},"4":{"start":{"line":14,"column":29},"end":{"line":14,"column":42}},"5":{"start":{"line":16,"column":24},"end":{"line":36,"column":31}},"6":{"start":{"line":17,"column":4},"end":{"line":17,"column":26}},"7":{"start":{"line":20,"column":4},"end":{"line":20,"column":66}},"8":{"start":{"line":23,"column":4},"end":{"line":23,"column":16}},"9":{"start":{"line":26,"column":4},"end":{"line":35,"column":12}},"10":{"start":{"line":27,"column":6},"end":{"line":34,"column":9}},"11":{"start":{"line":32,"column":8},"end":{"line":32,"column":31}},"12":{"start":{"line":33,"column":8},"end":{"line":33,"column":43}},"13":{"start":{"line":38,"column":23},"end":{"line":89,"column":11}},"14":{"start":{"line":40,"column":42},"end":{"line":40,"column":47}},"15":{"start":{"line":43,"column":8},"end":{"line":43,"column":82}},"16":{"start":{"line":46,"column":8},"end":{"line":46,"column":33}},"17":{"start":{"line":49,"column":8},"end":{"line":59,"column":9}},"18":{"start":{"line":51,"column":37},"end":{"line":51,"column":85}},"19":{"start":{"line":52,"column":10},"end":{"line":52,"column":52}},"20":{"start":{"line":55,"column":10},"end":{"line":58,"column":11}},"21":{"start":{"line":56,"column":12},"end":{"line":56,"column":67}},"22":{"start":{"line":57,"column":12},"end":{"line":57,"column":46}},"23":{"start":{"line":62,"column":8},"end":{"line":62,"column":34}},"24":{"start":{"line":64,"column":35},"end":{"line":64,"column":56}},"25":{"start":{"line":66,"column":8},"end":{"line":86,"column":9}},"26":{"start":{"line":68,"column":10},"end":{"line":75,"column":13}},"27":{"start":{"line":74,"column":12},"end":{"line":74,"column":28}},"28":{"start":{"line":78,"column":10},"end":{"line":85,"column":13}},"29":{"start":{"line":84,"column":12},"end":{"line":84,"column":47}},"30":{"start":{"line":92,"column":26},"end":{"line":96,"column":4}},"31":{"start":{"line":99,"column":25},"end":{"line":103,"column":4}},"32":{"start":{"line":105,"column":2},"end":{"line":111,"column":4}}},"fnMap":{"0":{"name":"(anonymous_0)","decl":{"start":{"line":10,"column":32},"end":{"line":10,"column":33}},"loc":{"start":{"line":10,"column":90},"end":{"line":112,"column":1}},"line":10},"1":{"name":"(anonymous_1)","decl":{"start":{"line":16,"column":36},"end":{"line":16,"column":37}},"loc":{"start":{"line":16,"column":48},"end":{"line":36,"column":3}},"line":16},"2":{"name":"(anonymous_2)","decl":{"start":{"line":26,"column":15},"end":{"line":26,"column":16}},"loc":{"start":{"line":26,"column":21},"end":{"line":35,"column":5}},"line":26},"3":{"name":"(anonymous_3)","decl":{"start":{"line":31,"column":15},"end":{"line":31,"column":16}},"loc":{"start":{"line":31,"column":21},"end":{"line":34,"column":7}},"line":31},"4":{"name":"(anonymous_4)","decl":{"start":{"line":40,"column":36},"end":{"line":40,"column":37}},"loc":{"start":{"line":40,"column":42},"end":{"line":40,"column":47}},"line":40},"5":{"name":"(anonymous_5)","decl":{"start":{"line":41,"column":35},"end":{"line":41,"column":36}},"loc":{"start":{"line":41,"column":56},"end":{"line":44,"column":7}},"line":41},"6":{"name":"(anonymous_6)","decl":{"start":{"line":45,"column":27},"end":{"line":45,"column":28}},"loc":{"start":{"line":45,"column":33},"end":{"line":47,"column":7}},"line":45},"7":{"name":"(anonymous_7)","decl":{"start":{"line":48,"column":26},"end":{"line":48,"column":27}},"loc":{"start":{"line":48,"column":47},"end":{"line":60,"column":7}},"line":48},"8":{"name":"(anonymous_8)","decl":{"start":{"line":61,"column":29},"end":{"line":61,"column":30}},"loc":{"start":{"line":61,"column":50},"end":{"line":87,"column":7}},"line":61},"9":{"name":"(anonymous_9)","decl":{"start":{"line":73,"column":19},"end":{"line":73,"column":20}},"loc":{"start":{"line":73,"column":25},"end":{"line":75,"column":11}},"line":73},"10":{"name":"(anonymous_10)","decl":{"start":{"line":83,"column":19},"end":{"line":83,"column":20}},"loc":{"start":{"line":83,"column":25},"end":{"line":85,"column":11}},"line":83}},"branchMap":{"0":{"loc":{"start":{"line":10,"column":46},"end":{"line":10,"column":60}},"type":"default-arg","locations":[{"start":{"line":10,"column":58},"end":{"line":10,"column":60}}],"line":10},"1":{"loc":{"start":{"line":43,"column":15},"end":{"line":43,"column":81}},"type":"binary-expr","locations":[{"start":{"line":43,"column":15},"end":{"line":43,"column":34}},{"start":{"line":43,"column":38},"end":{"line":43,"column":81}}],"line":43},"2":{"loc":{"start":{"line":49,"column":8},"end":{"line":59,"column":9}},"type":"if","locations":[{"start":{"line":49,"column":8},"end":{"line":59,"column":9}},{"start":{},"end":{}}],"line":49},"3":{"loc":{"start":{"line":49,"column":12},"end":{"line":49,"column":48}},"type":"binary-expr","locations":[{"start":{"line":49,"column":12},"end":{"line":49,"column":31}},{"start":{"line":49,"column":35},"end":{"line":49,"column":48}}],"line":49},"4":{"loc":{"start":{"line":55,"column":10},"end":{"line":58,"column":11}},"type":"if","locations":[{"start":{"line":55,"column":10},"end":{"line":58,"column":11}},{"start":{},"end":{}}],"line":55},"5":{"loc":{"start":{"line":55,"column":14},"end":{"line":55,"column":76}},"type":"binary-expr","locations":[{"start":{"line":55,"column":14},"end":{"line":55,"column":45}},{"start":{"line":55,"column":49},"end":{"line":55,"column":76}}],"line":55},"6":{"loc":{"start":{"line":66,"column":8},"end":{"line":86,"column":9}},"type":"if","locations":[{"start":{"line":66,"column":8},"end":{"line":86,"column":9}},{"start":{"line":76,"column":15},"end":{"line":86,"column":9}}],"line":66},"7":{"loc":{"start":{"line":66,"column":12},"end":{"line":66,"column":59}},"type":"binary-expr","locations":[{"start":{"line":66,"column":12},"end":{"line":66,"column":42}},{"start":{"line":66,"column":46},"end":{"line":66,"column":59}}],"line":66}},"s":{"0":0,"1":0,"2":0,"3":0,"4":0,"5":0,"6":0,"7":0,"8":0,"9":0,"10":0,"11":0,"12":0,"13":0,"14":0,"15":0,"16":0,"17":0,"18":0,"19":0,"20":0,"21":0,"22":0,"23":0,"24":0,"25":0,"26":0,"27":0,"28":0,"29":0,"30":0,"31":0,"32":0},"f":{"0":0,"1":0,"2":0,"3":0,"4":0,"5":0,"6":0,"7":0,"8":0,"9":0,"10":0},"b":{"0":[0],"1":[0,0],"2":[0,0],"3":[0,0],"4":[0,0],"5":[0,0],"6":[0,0],"7":[0,0]}}
,"/home/adrian/nova/src/hooks/useSearchEngine.ts": {"path":"/home/adrian/nova/src/hooks/useSearchEngine.ts","statementMap":{"0":{"start":{"line":16,"column":31},"end":{"line":54,"column":1}},"1":{"start":{"line":17,"column":47},"end":{"line":17,"column":94}},"2":{"start":{"line":18,"column":36},"end":{"line":18,"column":50}},"3":{"start":{"line":21,"column":2},"end":{"line":36,"column":9}},"4":{"start":{"line":22,"column":29},"end":{"line":33,"column":5}},"5":{"start":{"line":23,"column":6},"end":{"line":32,"column":7}},"6":{"start":{"line":24,"column":22},"end":{"line":24,"column":75}},"7":{"start":{"line":25,"column":8},"end":{"line":27,"column":9}},"8":{"start":{"line":26,"column":10},"end":{"line":26,"column":56}},"9":{"start":{"line":29,"column":8},"end":{"line":29,"column":73}},"10":{"start":{"line":31,"column":8},"end":{"line":31,"column":28}},"11":{"start":{"line":35,"column":4},"end":{"line":35,"column":23}},"12":{"start":{"line":39,"column":26},"end":{"line":47,"column":3}},"13":{"start":{"line":40,"column":4},"end":{"line":46,"column":5}},"14":{"start":{"line":41,"column":6},"end":{"line":41,"column":68}},"15":{"start":{"line":42,"column":6},"end":{"line":42,"column":35}},"16":{"start":{"line":44,"column":6},"end":{"line":44,"column":71}},"17":{"start":{"line":45,"column":6},"end":{"line":45,"column":18}},"18":{"start":{"line":49,"column":2},"end":{"line":53,"column":4}},"19":{"start":{"line":59,"column":28},"end":{"line":61,"column":1}},"20":{"start":{"line":60,"column":2},"end":{"line":60,"column":69}}},"fnMap":{"0":{"name":"(anonymous_0)","decl":{"start":{"line":16,"column":31},"end":{"line":16,"column":32}},"loc":{"start":{"line":16,"column":60},"end":{"line":54,"column":1}},"line":16},"1":{"name":"(anonymous_1)","decl":{"start":{"line":21,"column":12},"end":{"line":21,"column":13}},"loc":{"start":{"line":21,"column":18},"end":{"line":36,"column":3}},"line":21},"2":{"name":"(anonymous_2)","decl":{"start":{"line":22,"column":29},"end":{"line":22,"column":30}},"loc":{"start":{"line":22,"column":41},"end":{"line":33,"column":5}},"line":22},"3":{"name":"(anonymous_3)","decl":{"start":{"line":39,"column":26},"end":{"line":39,"column":27}},"loc":{"start":{"line":39,"column":75},"end":{"line":47,"column":3}},"line":39},"4":{"name":"(anonymous_4)","decl":{"start":{"line":59,"column":28},"end":{"line":59,"column":29}},"loc":{"start":{"line":59,"column":56},"end":{"line":61,"column":1}},"line":59}},"branchMap":{"0":{"loc":{"start":{"line":25,"column":8},"end":{"line":27,"column":9}},"type":"if","locations":[{"start":{"line":25,"column":8},"end":{"line":27,"column":9}},{"start":{},"end":{}}],"line":25},"1":{"loc":{"start":{"line":25,"column":12},"end":{"line":25,"column":47}},"type":"binary-expr","locations":[{"start":{"line":25,"column":12},"end":{"line":25,"column":17}},{"start":{"line":25,"column":21},"end":{"line":25,"column":47}}],"line":25}},"s":{"0":0,"1":0,"2":0,"3":0,"4":0,"5":0,"6":0,"7":0,"8":0,"9":0,"10":0,"11":0,"12":0,"13":0,"14":0,"15":0,"16":0,"17":0,"18":0,"19":0,"20":0},"f":{"0":0,"1":0,"2":0,"3":0,"4":0},"b":{"0":[0,0],"1":[0,0]}}
,"/home/adrian/nova/src/hooks/useSwipeGesture.ts": {"path":"/home/adrian/nova/src/hooks/useSwipeGesture.ts","statementMap":{"0":{"start":{"line":17,"column":31},"end":{"line":98,"column":1}},"1":{"start":{"line":23,"column":20},"end":{"line":23,"column":41}},"2":{"start":{"line":24,"column":17},"end":{"line":24,"column":26}},"3":{"start":{"line":25,"column":23},"end":{"line":25,"column":40}},"4":{"start":{"line":26,"column":26},"end":{"line":26,"column":46}},"5":{"start":{"line":27,"column":40},"end":{"line":27,"column":55}},"6":{"start":{"line":28,"column":46},"end":{"line":28,"column":85}},"7":{"start":{"line":29,"column":24},"end":{"line":29,"column":61}},"8":{"start":{"line":32,"column":2},"end":{"line":35,"column":32}},"9":{"start":{"line":33,"column":4},"end":{"line":33,"column":37}},"10":{"start":{"line":34,"column":4},"end":{"line":34,"column":43}},"11":{"start":{"line":37,"column":23},"end":{"line":90,"column":11}},"12":{"start":{"line":40,"column":8},"end":{"line":40,"column":47}},"13":{"start":{"line":42,"column":8},"end":{"line":42,"column":20}},"14":{"start":{"line":46,"column":8},"end":{"line":46,"column":64}},"15":{"start":{"line":49,"column":8},"end":{"line":49,"column":29}},"16":{"start":{"line":50,"column":8},"end":{"line":50,"column":34}},"17":{"start":{"line":55,"column":8},"end":{"line":59,"column":9}},"18":{"start":{"line":56,"column":10},"end":{"line":56,"column":37}},"19":{"start":{"line":57,"column":15},"end":{"line":59,"column":9}},"20":{"start":{"line":58,"column":10},"end":{"line":58,"column":36}},"21":{"start":{"line":63,"column":25},"end":{"line":63,"column":63}},"22":{"start":{"line":64,"column":8},"end":{"line":64,"column":41}},"23":{"start":{"line":67,"column":8},"end":{"line":67,"column":30}},"24":{"start":{"line":68,"column":8},"end":{"line":68,"column":32}},"25":{"start":{"line":69,"column":8},"end":{"line":69,"column":34}},"26":{"start":{"line":72,"column":8},"end":{"line":80,"column":9}},"27":{"start":{"line":73,"column":10},"end":{"line":73,"column":66}},"28":{"start":{"line":74,"column":10},"end":{"line":74,"column":24}},"29":{"start":{"line":77,"column":13},"end":{"line":80,"column":9}},"30":{"start":{"line":78,"column":10},"end":{"line":78,"column":66}},"31":{"start":{"line":79,"column":10},"end":{"line":79,"column":27}},"32":{"start":{"line":83,"column":8},"end":{"line":83,"column":30}},"33":{"start":{"line":84,"column":8},"end":{"line":84,"column":32}},"34":{"start":{"line":85,"column":8},"end":{"line":85,"column":34}},"35":{"start":{"line":88,"column":46},"end":{"line":88,"column":51}},"36":{"start":{"line":92,"column":2},"end":{"line":97,"column":4}}},"fnMap":{"0":{"name":"(anonymous_0)","decl":{"start":{"line":17,"column":31},"end":{"line":17,"column":32}},"loc":{"start":{"line":22,"column":28},"end":{"line":98,"column":1}},"line":22},"1":{"name":"(anonymous_1)","decl":{"start":{"line":32,"column":12},"end":{"line":32,"column":13}},"loc":{"start":{"line":32,"column":18},"end":{"line":35,"column":3}},"line":32},"2":{"name":"(anonymous_2)","decl":{"start":{"line":39,"column":36},"end":{"line":39,"column":37}},"loc":{"start":{"line":39,"column":45},"end":{"line":43,"column":7}},"line":39},"3":{"name":"(anonymous_3)","decl":{"start":{"line":44,"column":35},"end":{"line":44,"column":36}},"loc":{"start":{"line":44,"column":58},"end":{"line":47,"column":7}},"line":44},"4":{"name":"(anonymous_4)","decl":{"start":{"line":48,"column":27},"end":{"line":48,"column":28}},"loc":{"start":{"line":48,"column":36},"end":{"line":60,"column":7}},"line":48},"5":{"name":"(anonymous_5)","decl":{"start":{"line":61,"column":26},"end":{"line":61,"column":27}},"loc":{"start":{"line":61,"column":49},"end":{"line":65,"column":7}},"line":61},"6":{"name":"(anonymous_6)","decl":{"start":{"line":66,"column":29},"end":{"line":66,"column":30}},"loc":{"start":{"line":66,"column":52},"end":{"line":81,"column":7}},"line":66},"7":{"name":"(anonymous_7)","decl":{"start":{"line":82,"column":31},"end":{"line":82,"column":32}},"loc":{"start":{"line":82,"column":37},"end":{"line":86,"column":7}},"line":82},"8":{"name":"(anonymous_8)","decl":{"start":{"line":88,"column":40},"end":{"line":88,"column":41}},"loc":{"start":{"line":88,"column":46},"end":{"line":88,"column":51}},"line":88}},"branchMap":{"0":{"loc":{"start":{"line":55,"column":8},"end":{"line":59,"column":9}},"type":"if","locations":[{"start":{"line":55,"column":8},"end":{"line":59,"column":9}},{"start":{"line":57,"column":15},"end":{"line":59,"column":9}}],"line":55},"1":{"loc":{"start":{"line":55,"column":12},"end":{"line":55,"column":80}},"type":"binary-expr","locations":[{"start":{"line":55,"column":12},"end":{"line":55,"column":56}},{"start":{"line":55,"column":60},"end":{"line":55,"column":80}}],"line":55},"2":{"loc":{"start":{"line":57,"column":15},"end":{"line":59,"column":9}},"type":"if","locations":[{"start":{"line":57,"column":15},"end":{"line":59,"column":9}},{"start":{},"end":{}}],"line":57},"3":{"loc":{"start":{"line":57,"column":19},"end":{"line":57,"column":98}},"type":"binary-expr","locations":[{"start":{"line":57,"column":19},"end":{"line":57,"column":71}},{"start":{"line":57,"column":75},"end":{"line":57,"column":98}}],"line":57},"4":{"loc":{"start":{"line":72,"column":8},"end":{"line":80,"column":9}},"type":"if","locations":[{"start":{"line":72,"column":8},"end":{"line":80,"column":9}},{"start":{"line":77,"column":13},"end":{"line":80,"column":9}}],"line":72},"5":{"loc":{"start":{"line":72,"column":12},"end":{"line":72,"column":119}},"type":"binary-expr","locations":[{"start":{"line":72,"column":12},"end":{"line":72,"column":49}},{"start":{"line":72,"column":53},"end":{"line":72,"column":95}},{"start":{"line":72,"column":99},"end":{"line":72,"column":119}}],"line":72},"6":{"loc":{"start":{"line":77,"column":13},"end":{"line":80,"column":9}},"type":"if","locations":[{"start":{"line":77,"column":13},"end":{"line":80,"column":9}},{"start":{},"end":{}}],"line":77},"7":{"loc":{"start":{"line":77,"column":17},"end":{"line":77,"column":136}},"type":"binary-expr","locations":[{"start":{"line":77,"column":17},"end":{"line":77,"column":62}},{"start":{"line":77,"column":66},"end":{"line":77,"column":109}},{"start":{"line":77,"column":113},"end":{"line":77,"column":136}}],"line":77}},"s":{"0":0,"1":0,"2":0,"3":0,"4":0,"5":0,"6":0,"7":0,"8":0,"9":0,"10":0,"11":0,"12":0,"13":0,"14":0,"15":0,"16":0,"17":0,"18":0,"19":0,"20":0,"21":0,"22":0,"23":0,"24":0,"25":0,"26":0,"27":0,"28":0,"29":0,"30":0,"31":0,"32":0,"33":0,"34":0,"35":0,"36":0},"f":{"0":0,"1":0,"2":0,"3":0,"4":0,"5":0,"6":0,"7":0,"8":0},"b":{"0":[0,0],"1":[0,0],"2":[0,0],"3":[0,0],"4":[0,0],"5":[0,0,0],"6":[0,0],"7":[0,0,0]}}
,"/home/adrian/nova/src/hooks/useTheme.ts": {"path":"/home/adrian/nova/src/hooks/useTheme.ts","statementMap":{"0":{"start":{"line":5,"column":24},"end":{"line":20,"column":1}},"1":{"start":{"line":6,"column":40},"end":{"line":6,"column":77}},"2":{"start":{"line":8,"column":2},"end":{"line":14,"column":9}},"3":{"start":{"line":9,"column":25},"end":{"line":11,"column":6}},"4":{"start":{"line":10,"column":6},"end":{"line":10,"column":34}},"5":{"start":{"line":13,"column":4},"end":{"line":13,"column":39}},"6":{"start":{"line":13,"column":17},"end":{"line":13,"column":38}},"7":{"start":{"line":16,"column":17},"end":{"line":16,"column":39}},"8":{"start":{"line":17,"column":16},"end":{"line":17,"column":32}},"9":{"start":{"line":19,"column":2},"end":{"line":19,"column":27}}},"fnMap":{"0":{"name":"(anonymous_0)","decl":{"start":{"line":5,"column":24},"end":{"line":5,"column":25}},"loc":{"start":{"line":5,"column":65},"end":{"line":20,"column":1}},"line":5},"1":{"name":"(anonymous_1)","decl":{"start":{"line":8,"column":12},"end":{"line":8,"column":13}},"loc":{"start":{"line":8,"column":18},"end":{"line":14,"column":3}},"line":8},"2":{"name":"(anonymous_2)","decl":{"start":{"line":9,"column":54},"end":{"line":9,"column":55}},"loc":{"start":{"line":9,"column":75},"end":{"line":11,"column":5}},"line":9},"3":{"name":"(anonymous_3)","decl":{"start":{"line":13,"column":11},"end":{"line":13,"column":12}},"loc":{"start":{"line":13,"column":17},"end":{"line":13,"column":38}},"line":13}},"branchMap":{},"s":{"0":0,"1":0,"2":0,"3":0,"4":0,"5":0,"6":0,"7":0,"8":0,"9":0},"f":{"0":0,"1":0,"2":0,"3":0},"b":{}}
,"/home/adrian/nova/src/styles/headerStyles.ts": {"path":"/home/adrian/nova/src/styles/headerStyles.ts","statementMap":{"0":{"start":{"line":7,"column":28},"end":{"line":37,"column":2}},"1":{"start":{"line":42,"column":39},"end":{"line":42,"column":40}},"2":{"start":{"line":43,"column":41},"end":{"line":43,"column":43}},"3":{"start":{"line":44,"column":37},"end":{"line":44,"column":38}}},"fnMap":{},"branchMap":{},"s":{"0":0,"1":0,"2":0,"3":0},"f":{},"b":{}}
,"/home/adrian/nova/src/styles/theme.ts": {"path":"/home/adrian/nova/src/styles/theme.ts","statementMap":{"0":{"start":{"line":12,"column":33},"end":{"line":21,"column":1}},"1":{"start":{"line":23,"column":32},"end":{"line":32,"column":1}},"2":{"start":{"line":34,"column":24},"end":{"line":36,"column":1}},"3":{"start":{"line":35,"column":2},"end":{"line":35,"column":41}}},"fnMap":{"0":{"name":"(anonymous_0)","decl":{"start":{"line":34,"column":24},"end":{"line":34,"column":25}},"loc":{"start":{"line":34,"column":52},"end":{"line":36,"column":1}},"line":34}},"branchMap":{"0":{"loc":{"start":{"line":35,"column":9},"end":{"line":35,"column":40}},"type":"cond-expr","locations":[{"start":{"line":35,"column":18},"end":{"line":35,"column":27}},{"start":{"line":35,"column":30},"end":{"line":35,"column":40}}],"line":35}},"s":{"0":0,"1":0,"2":0,"3":0},"f":{"0":0},"b":{"0":[0,0]}}
,"/home/adrian/nova/src/utils/constants.ts": {"path":"/home/adrian/nova/src/utils/constants.ts","statementMap":{"0":{"start":{"line":4,"column":36},"end":{"line":4,"column":38}},"1":{"start":{"line":5,"column":40},"end":{"line":5,"column":42}},"2":{"start":{"line":6,"column":36},"end":{"line":6,"column":38}},"3":{"start":{"line":11,"column":40},"end":{"line":11,"column":44}},"4":{"start":{"line":12,"column":41},"end":{"line":12,"column":44}},"5":{"start":{"line":17,"column":33},"end":{"line":17,"column":42}},"6":{"start":{"line":22,"column":41},"end":{"line":22,"column":62}}},"fnMap":{},"branchMap":{},"s":{"0":1,"1":1,"2":1,"3":1,"4":1,"5":1,"6":1},"f":{},"b":{},"_coverageSchema":"1a1c01bbd47fc00a2c39e90264f33305004495a9","hash":"73585587d1648c45dd1ad2aa3a7b59950854d82c"}
,"/home/adrian/nova/src/utils/searchEngines.ts": {"path":"/home/adrian/nova/src/utils/searchEngines.ts","statementMap":{"0":{"start":{"line":6,"column":53},"end":{"line":6,"column":60}},"1":{"start":{"line":11,"column":68},"end":{"line":40,"column":1}},"2":{"start":{"line":15,"column":34},"end":{"line":15,"column":98}},"3":{"start":{"line":22,"column":34},"end":{"line":22,"column":90}},"4":{"start":{"line":29,"column":34},"end":{"line":29,"column":96}},"5":{"start":{"line":36,"column":34},"end":{"line":36,"column":96}},"6":{"start":{"line":45,"column":28},"end":{"line":48,"column":1}},"7":{"start":{"line":46,"column":17},"end":{"line":46,"column":82}},"8":{"start":{"line":47,"column":2},"end":{"line":47,"column":33}}},"fnMap":{"0":{"name":"(anonymous_0)","decl":{"start":{"line":15,"column":15},"end":{"line":15,"column":16}},"loc":{"start":{"line":15,"column":34},"end":{"line":15,"column":98}},"line":15},"1":{"name":"(anonymous_1)","decl":{"start":{"line":22,"column":15},"end":{"line":22,"column":16}},"loc":{"start":{"line":22,"column":34},"end":{"line":22,"column":90}},"line":22},"2":{"name":"(anonymous_2)","decl":{"start":{"line":29,"column":15},"end":{"line":29,"column":16}},"loc":{"start":{"line":29,"column":34},"end":{"line":29,"column":96}},"line":29},"3":{"name":"(anonymous_3)","decl":{"start":{"line":36,"column":15},"end":{"line":36,"column":16}},"loc":{"start":{"line":36,"column":34},"end":{"line":36,"column":96}},"line":36},"4":{"name":"(anonymous_4)","decl":{"start":{"line":45,"column":28},"end":{"line":45,"column":29}},"loc":{"start":{"line":45,"column":81},"end":{"line":48,"column":1}},"line":45}},"branchMap":{"0":{"loc":{"start":{"line":46,"column":17},"end":{"line":46,"column":82}},"type":"binary-expr","locations":[{"start":{"line":46,"column":17},"end":{"line":46,"column":41}},{"start":{"line":46,"column":45},"end":{"line":46,"column":82}}],"line":46}},"s":{"0":1,"1":1,"2":4,"3":1,"4":1,"5":1,"6":1,"7":7,"8":7},"f":{"0":4,"1":1,"2":1,"3":1,"4":7},"b":{"0":[7,0]},"_coverageSchema":"1a1c01bbd47fc00a2c39e90264f33305004495a9","hash":"e50bed3c89fd8c1b94bb7ffb80d5b9f74aa65f75"}
,"/home/adrian/nova/src/utils/urlHelpers.ts": {"path":"/home/adrian/nova/src/utils/urlHelpers.ts","statementMap":{"0":{"start":{"line":7,"column":21},"end":{"line":19,"column":1}},"1":{"start":{"line":9,"column":2},"end":{"line":11,"column":3}},"2":{"start":{"line":10,"column":4},"end":{"line":10,"column":16}},"3":{"start":{"line":14,"column":2},"end":{"line":16,"column":3}},"4":{"start":{"line":15,"column":4},"end":{"line":15,"column":16}},"5":{"start":{"line":18,"column":2},"end":{"line":18,"column":15}},"6":{"start":{"line":25,"column":25},"end":{"line":40,"column":1}},"7":{"start":{"line":26,"column":2},"end":{"line":26,"column":31}},"8":{"start":{"line":26,"column":21},"end":{"line":26,"column":31}},"9":{"start":{"line":28,"column":18},"end":{"line":28,"column":30}},"10":{"start":{"line":31,"column":2},"end":{"line":36,"column":3}},"11":{"start":{"line":32,"column":4},"end":{"line":34,"column":5}},"12":{"start":{"line":33,"column":6},"end":{"line":33,"column":21}},"13":{"start":{"line":35,"column":4},"end":{"line":35,"column":32}},"14":{"start":{"line":39,"column":2},"end":{"line":39,"column":45}}},"fnMap":{"0":{"name":"(anonymous_0)","decl":{"start":{"line":7,"column":21},"end":{"line":7,"column":22}},"loc":{"start":{"line":7,"column":49},"end":{"line":19,"column":1}},"line":7},"1":{"name":"(anonymous_1)","decl":{"start":{"line":25,"column":25},"end":{"line":25,"column":26}},"loc":{"start":{"line":25,"column":106},"end":{"line":40,"column":1}},"line":25}},"branchMap":{"0":{"loc":{"start":{"line":9,"column":2},"end":{"line":11,"column":3}},"type":"if","locations":[{"start":{"line":9,"column":2},"end":{"line":11,"column":3}},{"start":{},"end":{}}],"line":9},"1":{"loc":{"start":{"line":9,"column":6},"end":{"line":9,"column":65}},"type":"binary-expr","locations":[{"start":{"line":9,"column":6},"end":{"line":9,"column":33}},{"start":{"line":9,"column":37},"end":{"line":9,"column":65}}],"line":9},"2":{"loc":{"start":{"line":14,"column":2},"end":{"line":16,"column":3}},"type":"if","locations":[{"start":{"line":14,"column":2},"end":{"line":16,"column":3}},{"start":{},"end":{}}],"line":14},"3":{"loc":{"start":{"line":14,"column":6},"end":{"line":14,"column":49}},"type":"binary-expr","locations":[{"start":{"line":14,"column":6},"end":{"line":14,"column":25}},{"start":{"line":14,"column":29},"end":{"line":14,"column":49}}],"line":14},"4":{"loc":{"start":{"line":25,"column":41},"end":{"line":25,"column":93}},"type":"default-arg","locations":[{"start":{"line":25,"column":72},"end":{"line":25,"column":93}}],"line":25},"5":{"loc":{"start":{"line":26,"column":2},"end":{"line":26,"column":31}},"type":"if","locations":[{"start":{"line":26,"column":2},"end":{"line":26,"column":31}},{"start":{},"end":{}}],"line":26},"6":{"loc":{"start":{"line":31,"column":2},"end":{"line":36,"column":3}},"type":"if","locations":[{"start":{"line":31,"column":2},"end":{"line":36,"column":3}},{"start":{},"end":{}}],"line":31},"7":{"loc":{"start":{"line":32,"column":4},"end":{"line":34,"column":5}},"type":"if","locations":[{"start":{"line":32,"column":4},"end":{"line":34,"column":5}},{"start":{},"end":{}}],"line":32},"8":{"loc":{"start":{"line":32,"column":8},"end":{"line":32,"column":71}},"type":"binary-expr","locations":[{"start":{"line":32,"column":8},"end":{"line":32,"column":37}},{"start":{"line":32,"column":41},"end":{"line":32,"column":71}}],"line":32}},"s":{"0":1,"1":23,"2":5,"3":18,"4":6,"5":12,"6":1,"7":15,"8":2,"9":13,"10":13,"11":6,"12":3,"13":3,"14":7},"f":{"0":23,"1":15},"b":{"0":[5,18],"1":[23,21],"2":[6,12],"3":[18,6],"4":[12],"5":[2,13],"6":[6,7],"7":[3,3],"8":[6,5]},"_coverageSchema":"1a1c01bbd47fc00a2c39e90264f33305004495a9","hash":"4dbc84f412413847673644f569f7a07aab4d31b2"}
}
